
Showing logs for build [32mcb-kubecd-environment-pr-162-8-6gxn2-1[0m stage [32mfrom-build-pack[0m and container [32mstep-credential-initializer-dlsz6[0m
{"level":"warn","ts":1582000896.77562,"logger":"fallback-logger","caller":"logging/config.go:69","msg":"Fetch GitHub commit ID from kodata failed: \"ref: refs/heads/0.8.0-**-support-backwards-incompats\" is not a valid GitHub commit ID"}
{"level":"info","ts":1582000896.7763293,"logger":"fallback-logger","caller":"creds-init/main.go:40","msg":"Credentials initialized."}

Showing logs for build [32mcb-kubecd-environment-pr-162-8-6gxn2-1[0m stage [32mfrom-build-pack[0m and container [32mstep-working-dir-initializer-m2gf7[0m
{"level":"warn","ts":1582000897.751015,"logger":"fallback-logger","caller":"logging/config.go:69","msg":"Fetch GitHub commit ID from kodata failed: open /var/run/ko/HEAD: no such file or directory"}
{"level":"info","ts":1582000897.7559795,"logger":"fallback-logger","caller":"bash/main.go:64","msg":"Successfully executed command \"sh -c mkdir -p /workspace/source\"; output "}

Showing logs for build [32mcb-kubecd-environment-pr-162-8-6gxn2-1[0m stage [32mfrom-build-pack[0m and container [32mstep-place-tools[0m

Showing logs for build [32mcb-kubecd-environment-pr-162-8-6gxn2-1[0m stage [32mfrom-build-pack[0m and container [32mstep-git-source-cb-kubecd-environment-pr-162-8-6gxn2-b4qjf[0m
{"level":"warn","ts":1582000904.0614102,"logger":"fallback-logger","caller":"logging/config.go:69","msg":"Fetch GitHub commit ID from kodata failed: \"ref: refs/heads/0.8.0-**-support-backwards-incompats\" is not a valid GitHub commit ID"}
{"level":"info","ts":1582000905.3147974,"logger":"fallback-logger","caller":"git/git.go:103","msg":"Successfully cloned https://github.com/cb-kubecd/environment-pr-162-8-gke-upgrade-staging.git @ master in path /workspace/source"}

Showing logs for build [32mcb-kubecd-environment-pr-162-8-6gxn2-1[0m stage [32mfrom-build-pack[0m and container [32mstep-git-merge[0m
Using SHAs from PULL_REFS=master:1a2d4004949c542c127f0ccca1c99eb0b2b0a39a,1:e73071be15e7eba879dd465d686103fee2e736ca
DEBUG: LC_ALL=C JX_LOG_LEVEL=error git fetch origin --unshallow e73071be15e7eba879dd465d686103fee2e736ca: 1a2d4004949c542c127f0ccca1c99eb0b2b0a39a:
DEBUG: ran git fetch --unshallow origin e73071be15e7eba879dd465d686103fee2e736ca: 1a2d4004949c542c127f0ccca1c99eb0b2b0a39a: in 
DEBUG: LC_ALL=C JX_LOG_LEVEL=error git branch
DEBUG: JX_LOG_LEVEL=error LC_ALL=C git checkout master
DEBUG: ran git checkout master in 
DEBUG: LC_ALL=C JX_LOG_LEVEL=error git reset --hard 1a2d4004949c542c127f0ccca1c99eb0b2b0a39a
DEBUG: ran git reset --hard 1a2d4004949c542c127f0ccca1c99eb0b2b0a39a in 
DEBUG: LC_ALL=C JX_LOG_LEVEL=error git clean -fd .
DEBUG: ran clean --force -d . in 
DEBUG: LC_ALL=C JX_LOG_LEVEL=error git merge e73071be15e7eba879dd465d686103fee2e736ca
DEBUG: ran git merge e73071be15e7eba879dd465d686103fee2e736ca in 
DEBUG: LC_ALL=C JX_LOG_LEVEL=error git log --format=%H%x1f%an%x1f%ae%x1f%cn%x1f%ce%x1f%s%n%b%x1e 1a2d4004949c542c127f0ccca1c99eb0b2b0a39a..HEAD
Merged SHA e73071be15e7eba879dd465d686103fee2e736ca with commit message 'chore: Promote bdd-spring-1582000605 to version 0.0.1' into base branch master

Showing logs for build [32mcb-kubecd-environment-pr-162-8-6gxn2-1[0m stage [32mfrom-build-pack[0m and container [32mstep-build-helm-build[0m
WARNING: No $CHART_REPOSITORY defined so using the default value of: http://jenkins-x-chartmuseum:8080
Adding missing Helm repo: storage.googleapis.com https://storage.googleapis.com/chartmuseum.jenkins-x.io
WARNING: No secrets found on "helm/repos" due: reading the secret "helm/repos" from vault: no secret "helm/repos" not found in vault
Read credentials for https://storage.googleapis.com/chartmuseum.jenkins-x.io from vault helm/repos
Successfully added Helm repository storage.googleapis.com.
Adding missing Helm repo: jenkins-x-chartmuseum http://jenkins-x-chartmuseum:8080
WARNING: No secrets found on "helm/repos" due: reading the secret "helm/repos" from vault: no secret "helm/repos" not found in vault
Read credentials for http://jenkins-x-chartmuseum:8080 from vault helm/repos
Successfully added Helm repository jenkins-x-chartmuseum.
WARNING: No $CHART_REPOSITORY defined so using the default value of: http://jenkins-x-chartmuseum:8080
Adding missing Helm repo: chartmuseum.jenkins-x.io http://chartmuseum.jenkins-x.io
WARNING: No secrets found on "helm/repos" due: reading the secret "helm/repos" from vault: no secret "helm/repos" not found in vault
Read credentials for http://chartmuseum.jenkins-x.io from vault helm/repos
Successfully added Helm repository chartmuseum.jenkins-x.io.
